#
# There is insufficient memory for the Java Runtime Environment to continue.
# Native memory allocation (malloc) failed to allocate 1718736 bytes for Chunk::new
# Possible reasons:
#   The system is out of physical RAM or swap space
#   In 32 bit mode, the process size limit was hit
# Possible solutions:
#   Reduce memory load on the system
#   Increase physical memory or swap space
#   Check if swap backing store is full
#   Use 64 bit Java on a 64 bit OS
#   Decrease Java heap size (-Xmx/-Xms)
#   Decrease number of Java threads
#   Decrease Java thread stack sizes (-Xss)
#   Set larger code cache with -XX:ReservedCodeCacheSize=
# This output file may be truncated or incomplete.
#
#  Out of Memory Error (allocation.cpp:390), pid=19260, tid=0x0000000000005c50
#
# JRE version: Java(TM) SE Runtime Environment (8.0_181-b13) (build 1.8.0_181-b13)
# Java VM: Java HotSpot(TM) 64-Bit Server VM (25.181-b13 mixed mode windows-amd64 compressed oops)
# Failed to write core dump. Minidumps are not enabled by default on client versions of Windows
#

---------------  T H R E A D  ---------------

Current thread (0x0000000017f98000):  JavaThread "C2 CompilerThread1" daemon [_thread_in_native, id=23632, stack(0x0000000018680000,0x0000000018780000)]

Stack: [0x0000000018680000,0x0000000018780000]
[error occurred during error reporting (printing stack bounds), id 0xc0000005]

Native frames: (J=compiled Java code, j=interpreted, Vv=VM code, C=native code)


Current CompileTask:
C2:  19622 9179       4       sun.reflect.generics.parser.SignatureParser::parseClassTypeSignature (118 bytes)


---------------  P R O C E S S  ---------------

Java Threads: ( => current thread )
  0x000000001a9fd000 JavaThread "WorkerExecutor Queue Thread 3" [_thread_blocked, id=20316, stack(0x0000000024df0000,0x0000000024ef0000)]
  0x000000001a9f4800 JavaThread "WorkerExecutor Queue Thread 2" [_thread_blocked, id=14112, stack(0x0000000024cf0000,0x0000000024df0000)]
  0x000000001a9fb800 JavaThread "WorkerExecutor Queue" [_thread_in_vm, id=26596, stack(0x0000000024bf0000,0x0000000024cf0000)]
  0x000000001a9fa800 JavaThread "Cache worker for Java compile cache (E:\AndroidStudioData\java\StudyLive\.gradle\5.6.4\javaCompile)" [_thread_blocked, id=22772, stack(0x0000000023ef0000,0x0000000023ff0000)]
  0x000000001a9f9000 JavaThread "Cache worker for Java compile cache (C:\Users\Administrator\.gradle\caches\5.6.4\javaCompile)" [_thread_blocked, id=6244, stack(0x0000000023df0000,0x0000000023ef0000)]
  0x000000001a9f3000 JavaThread "Cache worker for execution history cache (E:\AndroidStudioData\java\StudyLive\.gradle\5.6.4\executionHistory)" [_thread_blocked, id=21712, stack(0x00000000244f0000,0x00000000245f0000)]
  0x000000001a9f5800 JavaThread "Execution worker for ':' Thread 3" [_thread_blocked, id=376, stack(0x00000000241f0000,0x00000000242f0000)]
  0x000000001a9f8800 JavaThread "Execution worker for ':' Thread 2" [_thread_blocked, id=25948, stack(0x00000000240f0000,0x00000000241f0000)]
  0x000000001a9fa000 JavaThread "Execution worker for ':'" [_thread_blocked, id=19852, stack(0x0000000023ff0000,0x00000000240f0000)]
  0x000000001a9f1000 JavaThread "Cache worker for file content cache (E:\AndroidStudioData\java\StudyLive\.gradle\5.6.4\fileContent)" [_thread_blocked, id=20248, stack(0x0000000022f10000,0x0000000023010000)]
  0x000000001a9f7800 JavaThread "Cache worker for file content cache (C:\Users\Administrator\.gradle\caches\5.6.4\fileContent)" [_thread_blocked, id=24160, stack(0x0000000020fb0000,0x00000000210b0000)]
  0x000000001a9f4000 JavaThread "Memory manager" [_thread_blocked, id=10384, stack(0x0000000023af0000,0x0000000023bf0000)]
  0x000000001a9f2800 JavaThread "Cache worker for Build Output Cleanup Cache (E:\AndroidStudioData\java\StudyLive\.gradle\buildOutputCleanup)" [_thread_blocked, id=21624, stack(0x0000000020c00000,0x0000000020d00000)]
  0x000000001a9f6000 JavaThread "Build operations Thread 4" [_thread_blocked, id=22884, stack(0x0000000021430000,0x0000000021530000)]
  0x000000001a9f1800 JavaThread "Build operations Thread 3" [_thread_blocked, id=11352, stack(0x0000000021330000,0x0000000021430000)]
  0x000000001a9f7000 JavaThread "Build operations Thread 2" [_thread_blocked, id=26380, stack(0x0000000021230000,0x0000000021330000)]
  0x000000001a3d6800 JavaThread "Build operations" [_thread_blocked, id=19028, stack(0x0000000021130000,0x0000000021230000)]
  0x000000001a3dd000 JavaThread "Cache worker for execution history cache (C:\Users\Administrator\.gradle\caches\5.6.4\executionHistory)" [_thread_blocked, id=25492, stack(0x0000000020900000,0x0000000020a00000)]
  0x000000001a3db800 JavaThread "Cache worker for cache directory md-rule (C:\Users\Administrator\.gradle\caches\5.6.4\md-rule)" [_thread_blocked, id=25620, stack(0x000000001ed10000,0x000000001ee10000)]
  0x000000001a3d9800 JavaThread "Cache worker for cache directory md-supplier (C:\Users\Administrator\.gradle\caches\5.6.4\md-supplier)" [_thread_blocked, id=4760, stack(0x000000001ea70000,0x000000001eb70000)]
  0x000000001a3d8000 JavaThread "Cache worker for file hash cache (E:\AndroidStudioData\java\StudyLive\.gradle\5.6.4\fileHashes)" [_thread_blocked, id=26116, stack(0x000000001ec10000,0x000000001ed10000)]
  0x000000001a3d7000 JavaThread "Cache worker for journal cache (C:\Users\Administrator\.gradle\caches\journal-1)" [_thread_blocked, id=3004, stack(0x000000001c4d0000,0x000000001c5d0000)]
  0x000000001a3da000 JavaThread "File lock request listener" [_thread_in_native, id=21940, stack(0x000000001c3d0000,0x000000001c4d0000)]
  0x000000001a3dc800 JavaThread "Cache worker for file hash cache (C:\Users\Administrator\.gradle\caches\5.6.4\fileHashes)" [_thread_blocked, id=22816, stack(0x000000001c2d0000,0x000000001c3d0000)]
  0x000000001a23d000 JavaThread "Thread-9" [_thread_blocked, id=23680, stack(0x000000001bfd0000,0x000000001c0d0000)]
  0x000000001a334000 JavaThread "Stdin handler" [_thread_blocked, id=26452, stack(0x000000001bed0000,0x000000001bfd0000)]
  0x000000001a302800 JavaThread "Asynchronous log dispatcher for DefaultDaemonConnection: socket connection from /127.0.0.1:9449 to /127.0.0.1:9450" [_thread_blocked, id=25516, stack(0x000000001bdd0000,0x000000001bed0000)]
  0x000000001a23f800 JavaThread "Daemon worker" [_thread_blocked, id=24092, stack(0x000000001bcd0000,0x000000001bdd0000)]
  0x000000001a377800 JavaThread "Cancel handler" [_thread_blocked, id=17572, stack(0x000000001bbd0000,0x000000001bcd0000)]
  0x000000001927d800 JavaThread "Handler for socket connection from /127.0.0.1:9449 to /127.0.0.1:9450" [_thread_in_native, id=26064, stack(0x000000001b8d0000,0x000000001b9d0000)]
  0x000000001927a000 JavaThread "Daemon" [_thread_blocked, id=21512, stack(0x000000001b7d0000,0x000000001b8d0000)]
  0x000000001a281000 JavaThread "Daemon periodic checks" [_thread_blocked, id=25816, stack(0x000000001b6d0000,0x000000001b7d0000)]
  0x000000001a268000 JavaThread "Incoming local TCP Connector on port 9449" [_thread_in_native, id=18456, stack(0x000000001b520000,0x000000001b620000)]
  0x000000001a20a000 JavaThread "Daemon health stats" [_thread_blocked, id=18548, stack(0x000000001b220000,0x000000001b320000)]
  0x000000001800e800 JavaThread "Service Thread" daemon [_thread_blocked, id=21820, stack(0x0000000018880000,0x0000000018980000)]
  0x0000000017f9e800 JavaThread "C1 CompilerThread2" daemon [_thread_blocked, id=23128, stack(0x0000000018780000,0x0000000018880000)]
=>0x0000000017f98000 JavaThread "C2 CompilerThread1" daemon [_thread_in_native, id=23632, stack(0x0000000018680000,0x0000000018780000)]
  0x0000000016c31800 JavaThread "C2 CompilerThread0" daemon [_thread_in_native, id=22568, stack(0x0000000018580000,0x0000000018680000)]
  0x0000000016c30800 JavaThread "Attach Listener" daemon [_thread_blocked, id=26532, stack(0x0000000018480000,0x0000000018580000)]
  0x0000000016c7e800 JavaThread "Signal Dispatcher" daemon [_thread_blocked, id=26112, stack(0x0000000018380000,0x0000000018480000)]
  0x00000000032ab800 JavaThread "Finalizer" daemon [_thread_blocked, id=26364, stack(0x0000000017e80000,0x0000000017f80000)]
  0x00000000032a1000 JavaThread "Reference Handler" daemon [_thread_blocked, id=20388, stack(0x0000000017d80000,0x0000000017e80000)]
  0x00000000014ae000 JavaThread "main" [_thread_blocked, id=17012, stack(0x00000000030b0000,0x00000000031b0000)]

Other Threads:
  0x0000000016be8000 VMThread [stack: 0x0000000017c80000,0x0000000017d80000] [id=20780]
  0x0000000018011000 WatcherThread [stack: 0x0000000018980000,0x0000000018a80000] [id=23008]

VM state:not at safepoint (normal execution)

VM Mutex/Monitor currently owned by a thread: None

Heap:
 PSYoungGen      total 191488K, used 170825K [0x00000000e0000000, 0x00000000ede80000, 0x0000000100000000)
  eden space 172544K, 89% used [0x00000000e0000000,0x00000000e963c7e8,0x00000000ea880000)
  from space 18944K, 89% used [0x00000000ea880000,0x00000000eb915ed8,0x00000000ebb00000)
  to   space 18944K, 0% used [0x00000000ebb00000,0x00000000ebb00000,0x00000000ecd80000)
 ParOldGen       total 87552K, used 35664K [0x00000000a0000000, 0x00000000a5580000, 0x00000000e0000000)
  object space 87552K, 40% used [0x00000000a0000000,0x00000000a22d4098,0x00000000a5580000)
 Metaspace       used 69944K, capacity 72346K, committed 72576K, reserved 1112064K
  class space    used 9765K, capacity 10309K, committed 10368K, reserved 1048576K

Card table byte_map: [0x0000000012670000,0x0000000012980000] byte_map_base: 0x0000000012170000

Marking Bits: (ParMarkBitMap*) 0x000000006d332d00
 Begin Bits: [0x0000000012f80000, 0x0000000014780000)
 End Bits:   [0x0000000014780000, 0x0000000015f80000)

Polling page: 0x0000000000f70000

CodeCache: size=245760Kb used=26804Kb max_used=26890Kb free=218955Kb
 bounds [0x00000000032b0000, 0x0000000004d30000, 0x00000000122b0000]
 total_blobs=8919 nmethods=8101 adapters=729
 compilation: enabled

Compilation events (10 events):
Event: 19.454 Thread 0x0000000017f9e800 nmethod 9207 0x0000000004ce0810 code [0x0000000004ce0960, 0x0000000004ce0a70]
Event: 19.454 Thread 0x0000000017f9e800 9209       1       java.io.ObjectStreamClass::getPrimDataSize (5 bytes)
Event: 19.454 Thread 0x0000000017f9e800 nmethod 9209 0x0000000004d01350 code [0x0000000004d014a0, 0x0000000004d015b0]
Event: 19.454 Thread 0x0000000017f9e800 9205       1       sun.reflect.ByteVectorImpl::getData (5 bytes)
Event: 19.454 Thread 0x0000000017f9e800 nmethod 9205 0x0000000003f3d410 code [0x0000000003f3d560, 0x0000000003f3d670]
Event: 19.454 Thread 0x0000000017f9e800 9211       1       java.io.ObjectStreamClass$FieldReflector::getFields (5 bytes)
Event: 19.454 Thread 0x0000000017f9e800 nmethod 9211 0x0000000003d7b110 code [0x0000000003d7b260, 0x0000000003d7b370]
Event: 19.517 Thread 0x0000000016c31800 9212       4       java.lang.invoke.MethodType::makeImpl (66 bytes)
Event: 19.526 Thread 0x0000000017f9e800 9213       3       sun.nio.fs.WindowsPathParser::isSlash (18 bytes)
Event: 19.526 Thread 0x0000000017f9e800 nmethod 9213 0x00000000040ddb10 code [0x00000000040ddc60, 0x00000000040dde30]

GC Heap History (10 events):
Event: 8.906 GC heap before
{Heap before GC invocations=12 (full 2):
 PSYoungGen      total 118784K, used 107008K [0x00000000e0000000, 0x00000000eac00000, 0x0000000100000000)
  eden space 107008K, 100% used [0x00000000e0000000,0x00000000e6880000,0x00000000e6880000)
  from space 11776K, 0% used [0x00000000e6880000,0x00000000e6880000,0x00000000e7400000)
  to   space 12800K, 0% used [0x00000000e9f80000,0x00000000e9f80000,0x00000000eac00000)
 ParOldGen       total 87552K, used 17662K [0x00000000a0000000, 0x00000000a5580000, 0x00000000e0000000)
  object space 87552K, 20% used [0x00000000a0000000,0x00000000a113fb48,0x00000000a5580000)
 Metaspace       used 45124K, capacity 46224K, committed 46464K, reserved 1089536K
  class space    used 6199K, capacity 6480K, committed 6528K, reserved 1048576K
Event: 8.919 GC heap after
Heap after GC invocations=12 (full 2):
 PSYoungGen      total 148992K, used 12785K [0x00000000e0000000, 0x00000000eac00000, 0x0000000100000000)
  eden space 136192K, 0% used [0x00000000e0000000,0x00000000e0000000,0x00000000e8500000)
  from space 12800K, 99% used [0x00000000e9f80000,0x00000000eabfc640,0x00000000eac00000)
  to   space 14848K, 0% used [0x00000000e8f00000,0x00000000e8f00000,0x00000000e9d80000)
 ParOldGen       total 87552K, used 19962K [0x00000000a0000000, 0x00000000a5580000, 0x00000000e0000000)
  object space 87552K, 22% used [0x00000000a0000000,0x00000000a137e820,0x00000000a5580000)
 Metaspace       used 45124K, capacity 46224K, committed 46464K, reserved 1089536K
  class space    used 6199K, capacity 6480K, committed 6528K, reserved 1048576K
}
Event: 10.876 GC heap before
{Heap before GC invocations=13 (full 2):
 PSYoungGen      total 148992K, used 148977K [0x00000000e0000000, 0x00000000eac00000, 0x0000000100000000)
  eden space 136192K, 100% used [0x00000000e0000000,0x00000000e8500000,0x00000000e8500000)
  from space 12800K, 99% used [0x00000000e9f80000,0x00000000eabfc640,0x00000000eac00000)
  to   space 14848K, 0% used [0x00000000e8f00000,0x00000000e8f00000,0x00000000e9d80000)
 ParOldGen       total 87552K, used 19962K [0x00000000a0000000, 0x00000000a5580000, 0x00000000e0000000)
  object space 87552K, 22% used [0x00000000a0000000,0x00000000a137e820,0x00000000a5580000)
 Metaspace       used 53963K, capacity 55686K, committed 55808K, reserved 1097728K
  class space    used 7559K, capacity 7935K, committed 7936K, reserved 1048576K
Event: 10.901 GC heap after
Heap after GC invocations=13 (full 2):
 PSYoungGen      total 161280K, used 14838K [0x00000000e0000000, 0x00000000ecd80000, 0x0000000100000000)
  eden space 146432K, 0% used [0x00000000e0000000,0x00000000e0000000,0x00000000e8f00000)
  from space 14848K, 99% used [0x00000000e8f00000,0x00000000e9d7da38,0x00000000e9d80000)
  to   space 18944K, 0% used [0x00000000ebb00000,0x00000000ebb00000,0x00000000ecd80000)
 ParOldGen       total 87552K, used 26497K [0x00000000a0000000, 0x00000000a5580000, 0x00000000e0000000)
  object space 87552K, 30% used [0x00000000a0000000,0x00000000a19e0660,0x00000000a5580000)
 Metaspace       used 53963K, capacity 55686K, committed 55808K, reserved 1097728K
  class space    used 7559K, capacity 7935K, committed 7936K, reserved 1048576K
}
Event: 11.658 GC heap before
{Heap before GC invocations=14 (full 2):
 PSYoungGen      total 161280K, used 78412K [0x00000000e0000000, 0x00000000ecd80000, 0x0000000100000000)
  eden space 146432K, 43% used [0x00000000e0000000,0x00000000e3e156c8,0x00000000e8f00000)
  from space 14848K, 99% used [0x00000000e8f00000,0x00000000e9d7da38,0x00000000e9d80000)
  to   space 18944K, 0% used [0x00000000ebb00000,0x00000000ebb00000,0x00000000ecd80000)
 ParOldGen       total 87552K, used 26497K [0x00000000a0000000, 0x00000000a5580000, 0x00000000e0000000)
  object space 87552K, 30% used [0x00000000a0000000,0x00000000a19e0660,0x00000000a5580000)
 Metaspace       used 57166K, capacity 58906K, committed 59008K, reserved 1099776K
  class space    used 8077K, capacity 8523K, committed 8576K, reserved 1048576K
Event: 11.678 GC heap after
Heap after GC invocations=14 (full 2):
 PSYoungGen      total 191488K, used 5840K [0x00000000e0000000, 0x00000000ede80000, 0x0000000100000000)
  eden space 172544K, 0% used [0x00000000e0000000,0x00000000e0000000,0x00000000ea880000)
  from space 18944K, 30% used [0x00000000ebb00000,0x00000000ec0b4128,0x00000000ecd80000)
  to   space 18944K, 0% used [0x00000000ea880000,0x00000000ea880000,0x00000000ebb00000)
 ParOldGen       total 87552K, used 35833K [0x00000000a0000000, 0x00000000a5580000, 0x00000000e0000000)
  object space 87552K, 40% used [0x00000000a0000000,0x00000000a22fe5d8,0x00000000a5580000)
 Metaspace       used 57166K, capacity 58906K, committed 59008K, reserved 1099776K
  class space    used 8077K, capacity 8523K, committed 8576K, reserved 1048576K
}
Event: 11.678 GC heap before
{Heap before GC invocations=15 (full 3):
 PSYoungGen      total 191488K, used 5840K [0x00000000e0000000, 0x00000000ede80000, 0x0000000100000000)
  eden space 172544K, 0% used [0x00000000e0000000,0x00000000e0000000,0x00000000ea880000)
  from space 18944K, 30% used [0x00000000ebb00000,0x00000000ec0b4128,0x00000000ecd80000)
  to   space 18944K, 0% used [0x00000000ea880000,0x00000000ea880000,0x00000000ebb00000)
 ParOldGen       total 87552K, used 35833K [0x00000000a0000000, 0x00000000a5580000, 0x00000000e0000000)
  object space 87552K, 40% used [0x00000000a0000000,0x00000000a22fe5d8,0x00000000a5580000)
 Metaspace       used 57166K, capacity 58906K, committed 59008K, reserved 1099776K
  class space    used 8077K, capacity 8523K, committed 8576K, reserved 1048576K
Event: 11.958 GC heap after
Heap after GC invocations=15 (full 3):
 PSYoungGen      total 191488K, used 0K [0x00000000e0000000, 0x00000000ede80000, 0x0000000100000000)
  eden space 172544K, 0% used [0x00000000e0000000,0x00000000e0000000,0x00000000ea880000)
  from space 18944K, 0% used [0x00000000ebb00000,0x00000000ebb00000,0x00000000ecd80000)
  to   space 18944K, 0% used [0x00000000ea880000,0x00000000ea880000,0x00000000ebb00000)
 ParOldGen       total 87552K, used 35592K [0x00000000a0000000, 0x00000000a5580000, 0x00000000e0000000)
  object space 87552K, 40% used [0x00000000a0000000,0x00000000a22c2088,0x00000000a5580000)
 Metaspace       used 57166K, capacity 58906K, committed 59008K, reserved 1099776K
  class space    used 8077K, capacity 8523K, committed 8576K, reserved 1048576K
}
Event: 14.943 GC heap before
{Heap before GC invocations=16 (full 3):
 PSYoungGen      total 191488K, used 172544K [0x00000000e0000000, 0x00000000ede80000, 0x0000000100000000)
  eden space 172544K, 100% used [0x00000000e0000000,0x00000000ea880000,0x00000000ea880000)
  from space 18944K, 0% used [0x00000000ebb00000,0x00000000ebb00000,0x00000000ecd80000)
  to   space 18944K, 0% used [0x00000000ea880000,0x00000000ea880000,0x00000000ebb00000)
 ParOldGen       total 87552K, used 35592K [0x00000000a0000000, 0x00000000a5580000, 0x00000000e0000000)
  object space 87552K, 40% used [0x00000000a0000000,0x00000000a22c2088,0x00000000a5580000)
 Metaspace       used 62411K, capacity 64612K, committed 64640K, reserved 1103872K
  class space    used 8842K, capacity 9316K, committed 9344K, reserved 1048576K
Event: 14.972 GC heap after
Heap after GC invocations=16 (full 3):
 PSYoungGen      total 191488K, used 16983K [0x00000000e0000000, 0x00000000ede80000, 0x0000000100000000)
  eden space 172544K, 0% used [0x00000000e0000000,0x00000000e0000000,0x00000000ea880000)
  from space 18944K, 89% used [0x00000000ea880000,0x00000000eb915ed8,0x00000000ebb00000)
  to   space 18944K, 0% used [0x00000000ebb00000,0x00000000ebb00000,0x00000000ecd80000)
 ParOldGen       total 87552K, used 35664K [0x00000000a0000000, 0x00000000a5580000, 0x00000000e0000000)
  object space 87552K, 40% used [0x00000000a0000000,0x00000000a22d4098,0x00000000a5580000)
 Metaspace       used 62411K, capacity 64612K, committed 64640K, reserved 1103872K
  class space    used 8842K, capacity 9316K, committed 9344K, reserved 1048576K
}

Deoptimization events (10 events):
Event: 19.516 Thread 0x000000001a9f4800 Uncommon trap: reason=unstable_if action=reinterpret pc=0x0000000004727938 method=java.nio.file.FileTreeWalker.visit(Ljava/nio/file/Path;ZZ)Ljava/nio/file/FileTreeWalker$Event; @ 84
Event: 19.525 Thread 0x000000001a9fb800 Uncommon trap: reason=unstable_if action=reinterpret pc=0x000000000466f494 method=sun.nio.fs.WindowsPathParser.isSlash(C)Z @ 9
Event: 19.525 Thread 0x000000001a9f4800 Uncommon trap: reason=unstable_if action=reinterpret pc=0x000000000466f494 method=sun.nio.fs.WindowsPathParser.isSlash(C)Z @ 9
Event: 19.526 Thread 0x000000001a9fb800 Uncommon trap: reason=unstable_if action=reinterpret pc=0x000000000462194c method=sun.nio.fs.WindowsPathParser.isSlash(C)Z @ 9
Event: 19.526 Thread 0x000000001a9f4800 Uncommon trap: reason=unstable_if action=reinterpret pc=0x000000000462194c method=sun.nio.fs.WindowsPathParser.isSlash(C)Z @ 9
Event: 19.526 Thread 0x000000001a9fb800 Uncommon trap: reason=unstable_if action=reinterpret pc=0x00000000033f5238 method=sun.nio.fs.WindowsPathParser.isSlash(C)Z @ 9
Event: 19.526 Thread 0x000000001a9f4800 Uncommon trap: reason=unstable_if action=reinterpret pc=0x00000000033f5238 method=sun.nio.fs.WindowsPathParser.isSlash(C)Z @ 9
Event: 19.599 Thread 0x000000001a9f4800 Uncommon trap: reason=bimorphic action=maybe_recompile pc=0x00000000045b5540 method=java.util.function.Predicate.lambda$and$0(Ljava/util/function/Predicate;Ljava/lang/Object;)Z @ 2
Event: 19.599 Thread 0x000000001a9f4800 Uncommon trap: reason=unstable_if action=reinterpret pc=0x00000000046895fc method=java.nio.file.FileTreeWalker.getAttributes(Ljava/nio/file/Path;Z)Ljava/nio/file/attribute/BasicFileAttributes; @ 35
Event: 19.599 Thread 0x000000001a9f4800 Uncommon trap: reason=bimorphic action=maybe_recompile pc=0x00000000045b5540 method=java.util.function.Predicate.lambda$and$0(Ljava/util/function/Predicate;Ljava/lang/Object;)Z @ 2

Classes redefined (0 events):
No events

Internal exceptions (10 events):
Event: 13.880 Thread 0x000000001a9f1800 Exception <a 'java/lang/NoSuchMethodError': java.lang.Object.lambda$flatMap$3(Ljava/util/function/Function;)Lorg/gradle/internal/Try;> (0x00000000e7031e98) thrown at [C:\re\workspace\8-2-build-windows-amd64-cygwin\jdk8u181\11358\hotspot\src\share\vm\inter
Event: 13.920 Thread 0x000000001a23f800 Exception <a 'java/lang/NoSuchMethodError': java.lang.Object.lambda$flatMap$2(Ljava/util/function/Function;Ljava/lang/Object;)Lorg/gradle/internal/Try;> (0x00000000e6d1fdd8) thrown at [C:\re\workspace\8-2-build-windows-amd64-cygwin\jdk8u181\11358\hotspot\
Event: 14.043 Thread 0x000000001a3d6800 Exception <a 'java/lang/NoSuchMethodError': java.lang.Object.lambda$identity$2(Ljava/lang/Object;)Ljava/lang/Object;> (0x00000000e6112720) thrown at [C:\re\workspace\8-2-build-windows-amd64-cygwin\jdk8u181\11358\hotspot\src\share\vm\interpreter\linkResolv
Event: 14.044 Thread 0x000000001a3d6800 Exception <a 'java/lang/NoSuchMethodError': java.lang.Object.lambda$flatMap$0(Ljava/lang/Throwable;)Lorg/gradle/api/internal/artifacts/transform/CacheableInvocation;> (0x00000000e6114990) thrown at [C:\re\workspace\8-2-build-windows-amd64-cygwin\jdk8u181\
Event: 15.396 Thread 0x000000001a9fa000 Exception <a 'java/lang/NoSuchMethodError': <clinit>> (0x00000000e1635c60) thrown at [C:\re\workspace\8-2-build-windows-amd64-cygwin\jdk8u181\11358\hotspot\src\share\vm\prims\jni.cpp, line 1613]
Event: 15.396 Thread 0x000000001a9fa000 Exception <a 'java/lang/NoSuchMethodError': <clinit>> (0x00000000e1636f80) thrown at [C:\re\workspace\8-2-build-windows-amd64-cygwin\jdk8u181\11358\hotspot\src\share\vm\prims\jni.cpp, line 1613]
Event: 15.698 Thread 0x000000001a9fa000 Exception <a 'java/lang/NoSuchMethodError': java.lang.Object.lambda$comparingByKey$bbdbfea9$1(Ljava/util/Map$Entry;Ljava/util/Map$Entry;)I> (0x00000000e2cf1d30) thrown at [C:\re\workspace\8-2-build-windows-amd64-cygwin\jdk8u181\11358\hotspot\src\share\vm\
Event: 19.426 Thread 0x000000001a23f800 Exception <a 'java/lang/NoSuchMethodError': <clinit>> (0x00000000e8e831c8) thrown at [C:\re\workspace\8-2-build-windows-amd64-cygwin\jdk8u181\11358\hotspot\src\share\vm\prims\jni.cpp, line 1613]
Event: 19.430 Thread 0x000000001a23f800 Exception <a 'java/lang/NoSuchMethodError': <clinit>> (0x00000000e8ea53a8) thrown at [C:\re\workspace\8-2-build-windows-amd64-cygwin\jdk8u181\11358\hotspot\src\share\vm\prims\jni.cpp, line 1613]
Event: 19.515 Thread 0x000000001a9f4800 Exception <a 'java/lang/NoSuchMethodError': java.lang.Object.lambda$static$0(Ljava/lang/String;)Z> (0x00000000e92291f0) thrown at [C:\re\workspace\8-2-build-windows-amd64-cygwin\jdk8u181\11358\hotspot\src\share\vm\interpreter\linkResolver.cpp, line 620]

Events (10 events):
Event: 19.598 loading class com/android/tools/r8/D8Command$Builder done
Event: 19.599 Thread 0x000000001a9f4800 Uncommon trap: trap_request=0xffffffc6 fr.pc=0x00000000045b5540
Event: 19.599 Thread 0x000000001a9f4800 DEOPT PACKING pc=0x00000000045b5540 sp=0x0000000024dee0b0
Event: 19.599 Thread 0x000000001a9f4800 DEOPT UNPACKING pc=0x00000000032f583b sp=0x0000000024dedff8 mode 2
Event: 19.599 Thread 0x000000001a9f4800 Uncommon trap: trap_request=0xffffff65 fr.pc=0x00000000046895fc
Event: 19.599 Thread 0x000000001a9f4800 DEOPT PACKING pc=0x00000000046895fc sp=0x0000000024dee070
Event: 19.599 Thread 0x000000001a9f4800 DEOPT UNPACKING pc=0x00000000032f583b sp=0x0000000024dedff0 mode 2
Event: 19.599 Thread 0x000000001a9f4800 Uncommon trap: trap_request=0xffffffc6 fr.pc=0x00000000045b5540
Event: 19.599 Thread 0x000000001a9f4800 DEOPT PACKING pc=0x00000000045b5540 sp=0x0000000024dee0b0
Event: 19.599 Thread 0x000000001a9f4800 DEOPT UNPACKING pc=0x00000000032f583b sp=0x0000000024dedff8 mode 2


Dynamic libraries:
0x00007ff7285b0000 - 0x00007ff7285e7000 	D:\Coding\jdk\bin\java.exe
0x00007fff73f00000 - 0x00007fff740f0000 	C:\WINDOWS\SYSTEM32\ntdll.dll
0x00007fff72520000 - 0x00007fff725d2000 	C:\WINDOWS\System32\KERNEL32.DLL
0x00007fff71840000 - 0x00007fff71ae3000 	C:\WINDOWS\System32\KERNELBASE.dll
0x00007fff72c20000 - 0x00007fff72cc3000 	C:\WINDOWS\System32\ADVAPI32.dll
0x00007fff72b80000 - 0x00007fff72c1e000 	C:\WINDOWS\System32\msvcrt.dll
0x00007fff729a0000 - 0x00007fff72a37000 	C:\WINDOWS\System32\sechost.dll
0x00007fff725e0000 - 0x00007fff72700000 	C:\WINDOWS\System32\RPCRT4.dll
0x00007fff72000000 - 0x00007fff72194000 	C:\WINDOWS\System32\USER32.dll
0x00007fff71ee0000 - 0x00007fff71f01000 	C:\WINDOWS\System32\win32u.dll
0x00007fff721a0000 - 0x00007fff721c6000 	C:\WINDOWS\System32\GDI32.dll
0x00007fff71b10000 - 0x00007fff71ca4000 	C:\WINDOWS\System32\gdi32full.dll
0x00007fff71f10000 - 0x00007fff71fae000 	C:\WINDOWS\System32\msvcp_win.dll
0x00007fff70e90000 - 0x00007fff70f8a000 	C:\WINDOWS\System32\ucrtbase.dll
0x00007fff5f5c0000 - 0x00007fff5f845000 	C:\WINDOWS\WinSxS\amd64_microsoft.windows.common-controls_6595b64144ccf1df_6.0.18362.720_none_e6beb5c51314836b\COMCTL32.dll
0x00007fff721e0000 - 0x00007fff72516000 	C:\WINDOWS\System32\combase.dll
0x00007fff71e60000 - 0x00007fff71ee0000 	C:\WINDOWS\System32\bcryptPrimitives.dll
0x00007fff71fb0000 - 0x00007fff71fde000 	C:\WINDOWS\System32\IMM32.DLL
0x000000006e0c0000 - 0x000000006e192000 	D:\Coding\jdk\jre\bin\msvcr100.dll
0x000000006cb10000 - 0x000000006d3b2000 	D:\Coding\jdk\jre\bin\server\jvm.dll
0x00007fff73590000 - 0x00007fff73598000 	C:\WINDOWS\System32\PSAPI.DLL
0x00007fff6d170000 - 0x00007fff6d194000 	C:\WINDOWS\SYSTEM32\WINMM.dll
0x00007fff6cc30000 - 0x00007fff6cc39000 	C:\WINDOWS\SYSTEM32\WSOCK32.dll
0x00007fff64890000 - 0x00007fff6489a000 	C:\WINDOWS\SYSTEM32\VERSION.dll
0x00007fff73430000 - 0x00007fff7349f000 	C:\WINDOWS\System32\WS2_32.dll
0x00007fff6d140000 - 0x00007fff6d16d000 	C:\WINDOWS\SYSTEM32\WINMMBASE.dll
0x00007fff717c0000 - 0x00007fff7180a000 	C:\WINDOWS\System32\cfgmgr32.dll
0x000000006e0b0000 - 0x000000006e0bf000 	D:\Coding\jdk\jre\bin\verify.dll
0x000000006e080000 - 0x000000006e0a9000 	D:\Coding\jdk\jre\bin\java.dll
0x000000006e060000 - 0x000000006e076000 	D:\Coding\jdk\jre\bin\zip.dll
0x00007fff72cd0000 - 0x00007fff733b5000 	C:\WINDOWS\System32\SHELL32.dll
0x00007fff73a10000 - 0x00007fff73ab9000 	C:\WINDOWS\System32\shcore.dll
0x00007fff70f90000 - 0x00007fff71710000 	C:\WINDOWS\System32\windows.storage.dll
0x00007fff70e60000 - 0x00007fff70e83000 	C:\WINDOWS\System32\profapi.dll
0x00007fff70dd0000 - 0x00007fff70e1a000 	C:\WINDOWS\System32\powrprof.dll
0x00007fff70dc0000 - 0x00007fff70dd0000 	C:\WINDOWS\System32\UMPDC.dll
0x00007fff727e0000 - 0x00007fff72832000 	C:\WINDOWS\System32\shlwapi.dll
0x00007fff70e20000 - 0x00007fff70e31000 	C:\WINDOWS\System32\kernel.appcore.dll
0x00007fff71af0000 - 0x00007fff71b07000 	C:\WINDOWS\System32\cryptsp.dll
0x000000006caf0000 - 0x000000006cb0a000 	D:\Coding\jdk\jre\bin\net.dll
0x00007fff70630000 - 0x00007fff70697000 	C:\WINDOWS\system32\mswsock.dll
0x000000006cad0000 - 0x000000006cae1000 	D:\Coding\jdk\jre\bin\nio.dll
0x00007fff639a0000 - 0x00007fff639c6000 	C:\Users\Administrator\.gradle\native\30\windows-amd64\native-platform.dll
0x000000006e050000 - 0x000000006e05d000 	D:\Coding\jdk\jre\bin\management.dll
0x00007fff701a0000 - 0x00007fff701d3000 	C:\WINDOWS\system32\rsaenh.dll
0x00007fff71810000 - 0x00007fff71836000 	C:\WINDOWS\System32\bcrypt.dll
0x00007fff70ce0000 - 0x00007fff70d05000 	C:\WINDOWS\SYSTEM32\USERENV.dll
0x00007fff70800000 - 0x00007fff7080c000 	C:\WINDOWS\SYSTEM32\CRYPTBASE.dll
0x00007fff70340000 - 0x00007fff7037a000 	C:\WINDOWS\SYSTEM32\IPHLPAPI.DLL
0x00007fff721d0000 - 0x00007fff721d8000 	C:\WINDOWS\System32\NSI.dll
0x00007fff69b90000 - 0x00007fff69ba6000 	C:\WINDOWS\SYSTEM32\dhcpcsvc6.DLL
0x00007fff69530000 - 0x00007fff6954c000 	C:\WINDOWS\SYSTEM32\dhcpcsvc.DLL
0x00007fff70380000 - 0x00007fff7044a000 	C:\WINDOWS\SYSTEM32\DNSAPI.dll

VM Arguments:
jvm_args: -Xmx1536m -Dfile.encoding=GBK -Duser.country=CN -Duser.language=zh -Duser.variant 
java_command: org.gradle.launcher.daemon.bootstrap.GradleDaemon 5.6.4
java_class_path (initial): C:\Users\Administrator\.gradle\wrapper\dists\gradle-5.6.4-all\ankdp27end7byghfw1q2sw75f\gradle-5.6.4\lib\gradle-launcher-5.6.4.jar
Launcher Type: SUN_STANDARD

Environment Variables:
JAVA_HOME=D:\Coding\jdk
CLASSPATH=.;D:\Coding\jdk\lib;D:\Coding\jdk\lib\dt.jar;D:\Coding\jdk\lib\tools.jar
PATH=D:\Coding\Anaconda3;D:\Coding\Anaconda3\Library\mingw-w64\bin;D:\Coding\Anaconda3\Library\usr\bin;D:\Coding\Anaconda3\Library\bin;D:\Coding\Anaconda3\Scripts;C:\Program Files\NVIDIA GPU Computing Toolkit\CUDA\v10.0\bin;C:\Program Files\NVIDIA GPU Computing Toolkit\CUDA\v10.0\libnvvp;D:\MEGA5;D:\Coding\Python36\Scripts\;D:\Coding\Python36\;C:\Program Files (x86)\Common Files\Oracle\Java\javapath;C:\Windows\system32;C:\Windows;C:\Windows\System32\Wbem;C:\Windows\System32\WindowsPowerShell\v1.0\;C:\Windows\System32\OpenSSH\;C:\Program Files (x86)\NVIDIA Corporation\PhysX\Common;C:\Program Files\NVIDIA Corporation\NVIDIA NvDLISR;D:\Coding\jdk\bin;D:\Coding\jdk\jre\bin;C:\Users\Administrator\.dnx\bin;C:\Program Files\Microsoft DNX\Dnvm\;C:\Program Files (x86)\Windows Kits\8.1\Windows Performance Toolkit\;C:\Program Files\Microsoft SQL Server\130\Tools\Binn\;D:\Coding\Git\cmd;C:\WINDOWS\system32;C:\WINDOWS;C:\WINDOWS\System32\Wbem;C:\WINDOWS\System32\WindowsPowerShell\v1.0\;C:\WINDOWS\System32\OpenSSH\;C:\Users\Administrator\AppData\Local\Microsoft\WindowsApps;;D:\Coding\Pycharm\PyCharmCommunityEdition201931\bin;;C:\Users\Administrator\AppData\Local\Programs\Microsoft VS Code\bin
USERNAME=Administrator
OS=Windows_NT
PROCESSOR_IDENTIFIER=Intel64 Family 6 Model 158 Stepping 9, GenuineIntel



---------------  S Y S T E M  ---------------

OS: Windows 10.0 , 64 bit Build 18362 (10.0.18362.329)

CPU:total 4 (initial active 4) (4 cores per cpu, 1 threads per core) family 6 model 158 stepping 9, cmov, cx8, fxsr, mmx, sse, sse2, sse3, ssse3, sse4.1, sse4.2, popcnt, avx, avx2, aes, clmul, erms, 3dnowpref, lzcnt, tsc, tscinvbit, bmi1, bmi2, adx

Memory: 4k page, physical 8253672k(490924k free), swap 16642280k(6404k free)

vm_info: Java HotSpot(TM) 64-Bit Server VM (25.181-b13) for windows-amd64 JRE (1.8.0_181-b13), built on Jul  7 2018 04:01:33 by "java_re" with MS VC++ 10.0 (VS2010)

time: Mon Apr 06 16:11:12 2020
elapsed time: 19 seconds (0d 0h 0m 19s)

