#
# There is insufficient memory for the Java Runtime Environment to continue.
# Native memory allocation (malloc) failed to allocate 1141616 bytes for Chunk::new
# Possible reasons:
#   The system is out of physical RAM or swap space
#   In 32 bit mode, the process size limit was hit
# Possible solutions:
#   Reduce memory load on the system
#   Increase physical memory or swap space
#   Check if swap backing store is full
#   Use 64 bit Java on a 64 bit OS
#   Decrease Java heap size (-Xmx/-Xms)
#   Decrease number of Java threads
#   Decrease Java thread stack sizes (-Xss)
#   Set larger code cache with -XX:ReservedCodeCacheSize=
# This output file may be truncated or incomplete.
#
#  Out of Memory Error (allocation.cpp:390), pid=7060, tid=0x000000000000390c
#
# JRE version: Java(TM) SE Runtime Environment (8.0_181-b13) (build 1.8.0_181-b13)
# Java VM: Java HotSpot(TM) 64-Bit Server VM (25.181-b13 mixed mode windows-amd64 compressed oops)
# Failed to write core dump. Minidumps are not enabled by default on client versions of Windows
#

---------------  T H R E A D  ---------------

Current thread (0x00000000175ba000):  JavaThread "C2 CompilerThread1" daemon [_thread_in_native, id=14604, stack(0x0000000017cb0000,0x0000000017db0000)]

Stack: [0x0000000017cb0000,0x0000000017db0000]
[error occurred during error reporting (printing stack bounds), id 0xc0000005]

Native frames: (J=compiled Java code, j=interpreted, Vv=VM code, C=native code)


Current CompileTask:
C2:   9369 3727   !   4       java.util.jar.Attributes::read (380 bytes)


---------------  P R O C E S S  ---------------

Java Threads: ( => current thread )
  0x000000001f2d5000 JavaThread "Cache worker for Build Output Cleanup Cache (E:\AndroidStudioData\java\StudyLive\.gradle\buildOutputCleanup)" [_thread_blocked, id=2172, stack(0x0000000021ab0000,0x0000000021bb0000)]
  0x000000001f2d3000 JavaThread "Build operations Thread 4" [_thread_blocked, id=11860, stack(0x00000000215b0000,0x00000000216b0000)]
  0x000000001f2d2000 JavaThread "Build operations Thread 3" [_thread_blocked, id=15948, stack(0x00000000214b0000,0x00000000215b0000)]
  0x000000001f2d6000 JavaThread "Build operations Thread 2" [_thread_blocked, id=8908, stack(0x00000000213b0000,0x00000000214b0000)]
  0x0000000019f73000 JavaThread "Build operations" [_thread_blocked, id=14996, stack(0x00000000212b0000,0x00000000213b0000)]
  0x0000000019f72000 JavaThread "Cache worker for execution history cache (C:\Users\Administrator\.gradle\caches\5.6.4\executionHistory)" [_thread_blocked, id=17560, stack(0x0000000020fb0000,0x00000000210b0000)]
  0x0000000019f74800 JavaThread "Cache worker for cache directory md-rule (C:\Users\Administrator\.gradle\caches\5.6.4\md-rule)" [_thread_blocked, id=12876, stack(0x000000001e390000,0x000000001e490000)]
  0x0000000019f71800 JavaThread "Cache worker for cache directory md-supplier (C:\Users\Administrator\.gradle\caches\5.6.4\md-supplier)" [_thread_blocked, id=14848, stack(0x000000001e0a0000,0x000000001e1a0000)]
  0x0000000019f70800 JavaThread "Cache worker for file hash cache (E:\AndroidStudioData\java\StudyLive\.gradle\5.6.4\fileHashes)" [_thread_blocked, id=19356, stack(0x000000001e290000,0x000000001e390000)]
  0x0000000019f6d800 JavaThread "Cache worker for journal cache (C:\Users\Administrator\.gradle\caches\journal-1)" [_thread_blocked, id=764, stack(0x000000001bb00000,0x000000001bc00000)]
  0x0000000019f70000 JavaThread "File lock request listener" [_thread_in_native, id=13112, stack(0x000000001ba00000,0x000000001bb00000)]
  0x0000000019f73800 JavaThread "Cache worker for file hash cache (C:\Users\Administrator\.gradle\caches\5.6.4\fileHashes)" [_thread_blocked, id=6080, stack(0x000000001b900000,0x000000001ba00000)]
  0x0000000019e65800 JavaThread "Thread-9" [_thread_blocked, id=13404, stack(0x000000001b600000,0x000000001b700000)]
  0x0000000019e61000 JavaThread "Stdin handler" [_thread_blocked, id=19188, stack(0x000000001b500000,0x000000001b600000)]
  0x0000000019e67800 JavaThread "Asynchronous log dispatcher for DefaultDaemonConnection: socket connection from /127.0.0.1:7550 to /127.0.0.1:7551" [_thread_blocked, id=13760, stack(0x000000001b400000,0x000000001b500000)]
  0x0000000019e3f800 JavaThread "Daemon worker" [_thread_in_native, id=7004, stack(0x000000001b300000,0x000000001b400000)]
  0x0000000019e3e800 JavaThread "Cancel handler" [_thread_blocked, id=2816, stack(0x000000001b200000,0x000000001b300000)]
  0x0000000019e39800 JavaThread "Handler for socket connection from /127.0.0.1:7550 to /127.0.0.1:7551" [_thread_in_native, id=18588, stack(0x000000001af00000,0x000000001b000000)]
  0x0000000019873800 JavaThread "Daemon" [_thread_blocked, id=18324, stack(0x000000001ae00000,0x000000001af00000)]
  0x0000000019870000 JavaThread "Daemon periodic checks" [_thread_blocked, id=13628, stack(0x0000000019d30000,0x0000000019e30000)]
  0x00000000197c9800 JavaThread "Incoming local TCP Connector on port 7550" [_thread_in_native, id=992, stack(0x0000000019b80000,0x0000000019c80000)]
  0x0000000019721800 JavaThread "Daemon health stats" [_thread_blocked, id=18516, stack(0x0000000019880000,0x0000000019980000)]
  0x0000000017634000 JavaThread "Service Thread" daemon [_thread_blocked, id=18068, stack(0x0000000017eb0000,0x0000000017fb0000)]
  0x00000000175bd000 JavaThread "C1 CompilerThread2" daemon [_thread_blocked, id=18888, stack(0x0000000017db0000,0x0000000017eb0000)]
=>0x00000000175ba000 JavaThread "C2 CompilerThread1" daemon [_thread_in_native, id=14604, stack(0x0000000017cb0000,0x0000000017db0000)]
  0x000000001620f800 JavaThread "C2 CompilerThread0" daemon [_thread_blocked, id=15316, stack(0x0000000017bb0000,0x0000000017cb0000)]
  0x000000001620e800 JavaThread "Attach Listener" daemon [_thread_blocked, id=18692, stack(0x0000000017ab0000,0x0000000017bb0000)]
  0x000000001625e800 JavaThread "Signal Dispatcher" daemon [_thread_blocked, id=5496, stack(0x00000000179b0000,0x0000000017ab0000)]
  0x000000000288c000 JavaThread "Finalizer" daemon [_thread_blocked, id=5668, stack(0x0000000017450000,0x0000000017550000)]
  0x00000000161c9000 JavaThread "Reference Handler" daemon [_thread_blocked, id=12724, stack(0x0000000017350000,0x0000000017450000)]
  0x0000000000b0e000 JavaThread "main" [_thread_blocked, id=19112, stack(0x00000000022f0000,0x00000000023f0000)]

Other Threads:
  0x00000000161c7000 VMThread [stack: 0x0000000017250000,0x0000000017350000] [id=14712]
  0x000000001765a800 WatcherThread [stack: 0x0000000017fb0000,0x00000000180b0000] [id=9348]

VM state:not at safepoint (normal execution)

VM Mutex/Monitor currently owned by a thread: None

Heap:
 PSYoungGen      total 120832K, used 67780K [0x00000000e0000000, 0x00000000eac80000, 0x0000000100000000)
  eden space 109056K, 62% used [0x00000000e0000000,0x00000000e42310c8,0x00000000e6a80000)
  from space 11776K, 0% used [0x00000000e6a80000,0x00000000e6a80000,0x00000000e7600000)
  to   space 12800K, 0% used [0x00000000ea000000,0x00000000ea000000,0x00000000eac80000)
 ParOldGen       total 84480K, used 17847K [0x00000000a0000000, 0x00000000a5280000, 0x00000000e0000000)
  object space 84480K, 21% used [0x00000000a0000000,0x00000000a116dea8,0x00000000a5280000)
 Metaspace       used 42884K, capacity 43934K, committed 44160K, reserved 1087488K
  class space    used 5924K, capacity 6151K, committed 6272K, reserved 1048576K

Card table byte_map: [0x0000000011c50000,0x0000000011f60000] byte_map_base: 0x0000000011750000

Marking Bits: (ParMarkBitMap*) 0x000000006b332d00
 Begin Bits: [0x0000000012560000, 0x0000000013d60000)
 End Bits:   [0x0000000013d60000, 0x0000000015560000)

Polling page: 0x0000000000ab0000

CodeCache: size=245760Kb used=12581Kb max_used=12594Kb free=233178Kb
 bounds [0x0000000002890000, 0x00000000034f0000, 0x0000000011890000]
 total_blobs=4338 nmethods=3591 adapters=658
 compilation: enabled

Compilation events (10 events):
Event: 8.797 Thread 0x00000000175bd000 3737       3       java.io.ByteArrayOutputStream::<init> (43 bytes)
Event: 8.797 Thread 0x00000000175bd000 nmethod 3737 0x00000000034bcb90 code [0x00000000034bcd80, 0x00000000034bd6f8]
Event: 8.797 Thread 0x00000000175bd000 3736       3       java.util.Vector::<init> (7 bytes)
Event: 8.797 Thread 0x00000000175bd000 nmethod 3736 0x00000000034c6950 code [0x00000000034c6ac0, 0x00000000034c6c48]
Event: 8.797 Thread 0x00000000175bd000 3738  s    3       java.io.ByteArrayInputStream::skip (43 bytes)
Event: 8.797 Thread 0x00000000175bd000 nmethod 3738 0x00000000034c9e50 code [0x00000000034c9fc0, 0x00000000034ca330]
Event: 8.797 Thread 0x00000000175bd000 3739       1       sun.util.calendar.CalendarDate::getMonth (5 bytes)
Event: 8.797 Thread 0x00000000175bd000 nmethod 3739 0x00000000034c9b90 code [0x00000000034c9ce0, 0x00000000034c9df0]
Event: 8.801 Thread 0x00000000175bd000 3740       3       java.lang.CharacterDataLatin1::isWhitespace (23 bytes)
Event: 8.801 Thread 0x00000000175bd000 nmethod 3740 0x00000000034c9210 code [0x00000000034c9380, 0x00000000034c95d0]

GC Heap History (10 events):
Event: 3.958 GC heap before
{Heap before GC invocations=7 (full 1):
 PSYoungGen      total 75776K, used 8906K [0x00000000e0000000, 0x00000000e5600000, 0x0000000100000000)
  eden space 65024K, 0% used [0x00000000e0000000,0x00000000e0000000,0x00000000e3f80000)
  from space 10752K, 82% used [0x00000000e4a80000,0x00000000e53328b8,0x00000000e5500000)
  to   space 11264K, 0% used [0x00000000e3f80000,0x00000000e3f80000,0x00000000e4a80000)
 ParOldGen       total 86016K, used 7693K [0x00000000a0000000, 0x00000000a5400000, 0x00000000e0000000)
  object space 86016K, 8% used [0x00000000a0000000,0x00000000a07834f8,0x00000000a5400000)
 Metaspace       used 20530K, capacity 21086K, committed 21248K, reserved 1067008K
  class space    used 3028K, capacity 3229K, committed 3328K, reserved 1048576K
Event: 3.990 GC heap after
Heap after GC invocations=7 (full 1):
 PSYoungGen      total 75776K, used 0K [0x00000000e0000000, 0x00000000e5600000, 0x0000000100000000)
  eden space 65024K, 0% used [0x00000000e0000000,0x00000000e0000000,0x00000000e3f80000)
  from space 10752K, 0% used [0x00000000e4a80000,0x00000000e4a80000,0x00000000e5500000)
  to   space 11264K, 0% used [0x00000000e3f80000,0x00000000e3f80000,0x00000000e4a80000)
 ParOldGen       total 57344K, used 9656K [0x00000000a0000000, 0x00000000a3800000, 0x00000000e0000000)
  object space 57344K, 16% used [0x00000000a0000000,0x00000000a096e328,0x00000000a3800000)
 Metaspace       used 20530K, capacity 21086K, committed 21248K, reserved 1067008K
  class space    used 3028K, capacity 3229K, committed 3328K, reserved 1048576K
}
Event: 5.322 GC heap before
{Heap before GC invocations=8 (full 1):
 PSYoungGen      total 75776K, used 65024K [0x00000000e0000000, 0x00000000e5600000, 0x0000000100000000)
  eden space 65024K, 100% used [0x00000000e0000000,0x00000000e3f80000,0x00000000e3f80000)
  from space 10752K, 0% used [0x00000000e4a80000,0x00000000e4a80000,0x00000000e5500000)
  to   space 11264K, 0% used [0x00000000e3f80000,0x00000000e3f80000,0x00000000e4a80000)
 ParOldGen       total 57344K, used 9656K [0x00000000a0000000, 0x00000000a3800000, 0x00000000e0000000)
  object space 57344K, 16% used [0x00000000a0000000,0x00000000a096e328,0x00000000a3800000)
 Metaspace       used 29036K, capacity 29628K, committed 29824K, reserved 1075200K
  class space    used 4002K, capacity 4195K, committed 4224K, reserved 1048576K
Event: 5.337 GC heap after
Heap after GC invocations=8 (full 1):
 PSYoungGen      total 76288K, used 8262K [0x00000000e0000000, 0x00000000e8180000, 0x0000000100000000)
  eden space 65024K, 0% used [0x00000000e0000000,0x00000000e0000000,0x00000000e3f80000)
  from space 11264K, 73% used [0x00000000e3f80000,0x00000000e4791ba0,0x00000000e4a80000)
  to   space 11776K, 0% used [0x00000000e7600000,0x00000000e7600000,0x00000000e8180000)
 ParOldGen       total 57344K, used 9664K [0x00000000a0000000, 0x00000000a3800000, 0x00000000e0000000)
  object space 57344K, 16% used [0x00000000a0000000,0x00000000a0970328,0x00000000a3800000)
 Metaspace       used 29036K, capacity 29628K, committed 29824K, reserved 1075200K
  class space    used 4002K, capacity 4195K, committed 4224K, reserved 1048576K
}
Event: 6.006 GC heap before
{Heap before GC invocations=9 (full 1):
 PSYoungGen      total 76288K, used 73286K [0x00000000e0000000, 0x00000000e8180000, 0x0000000100000000)
  eden space 65024K, 100% used [0x00000000e0000000,0x00000000e3f80000,0x00000000e3f80000)
  from space 11264K, 73% used [0x00000000e3f80000,0x00000000e4791ba0,0x00000000e4a80000)
  to   space 11776K, 0% used [0x00000000e7600000,0x00000000e7600000,0x00000000e8180000)
 ParOldGen       total 57344K, used 9664K [0x00000000a0000000, 0x00000000a3800000, 0x00000000e0000000)
  object space 57344K, 16% used [0x00000000a0000000,0x00000000a0970328,0x00000000a3800000)
 Metaspace       used 31902K, capacity 32512K, committed 32640K, reserved 1077248K
  class space    used 4478K, capacity 4687K, committed 4736K, reserved 1048576K
Event: 6.016 GC heap after
Heap after GC invocations=9 (full 1):
 PSYoungGen      total 120832K, used 8372K [0x00000000e0000000, 0x00000000e8180000, 0x0000000100000000)
  eden space 109056K, 0% used [0x00000000e0000000,0x00000000e0000000,0x00000000e6a80000)
  from space 11776K, 71% used [0x00000000e7600000,0x00000000e7e2d328,0x00000000e8180000)
  to   space 11776K, 0% used [0x00000000e6a80000,0x00000000e6a80000,0x00000000e7600000)
 ParOldGen       total 57344K, used 9672K [0x00000000a0000000, 0x00000000a3800000, 0x00000000e0000000)
  object space 57344K, 16% used [0x00000000a0000000,0x00000000a0972328,0x00000000a3800000)
 Metaspace       used 31902K, capacity 32512K, committed 32640K, reserved 1077248K
  class space    used 4478K, capacity 4687K, committed 4736K, reserved 1048576K
}
Event: 7.278 GC heap before
{Heap before GC invocations=10 (full 1):
 PSYoungGen      total 120832K, used 75898K [0x00000000e0000000, 0x00000000e8180000, 0x0000000100000000)
  eden space 109056K, 61% used [0x00000000e0000000,0x00000000e41f17f0,0x00000000e6a80000)
  from space 11776K, 71% used [0x00000000e7600000,0x00000000e7e2d328,0x00000000e8180000)
  to   space 11776K, 0% used [0x00000000e6a80000,0x00000000e6a80000,0x00000000e7600000)
 ParOldGen       total 57344K, used 9672K [0x00000000a0000000, 0x00000000a3800000, 0x00000000e0000000)
  object space 57344K, 16% used [0x00000000a0000000,0x00000000a0972328,0x00000000a3800000)
 Metaspace       used 34606K, capacity 35368K, committed 35416K, reserved 1079296K
  class space    used 4857K, capacity 5089K, committed 5120K, reserved 1048576K
Event: 7.288 GC heap after
Heap after GC invocations=10 (full 1):
 PSYoungGen      total 120832K, used 10903K [0x00000000e0000000, 0x00000000eac80000, 0x0000000100000000)
  eden space 109056K, 0% used [0x00000000e0000000,0x00000000e0000000,0x00000000e6a80000)
  from space 11776K, 92% used [0x00000000e6a80000,0x00000000e7525d88,0x00000000e7600000)
  to   space 12800K, 0% used [0x00000000ea000000,0x00000000ea000000,0x00000000eac80000)
 ParOldGen       total 57344K, used 9680K [0x00000000a0000000, 0x00000000a3800000, 0x00000000e0000000)
  object space 57344K, 16% used [0x00000000a0000000,0x00000000a0974328,0x00000000a3800000)
 Metaspace       used 34606K, capacity 35368K, committed 35416K, reserved 1079296K
  class space    used 4857K, capacity 5089K, committed 5120K, reserved 1048576K
}
Event: 7.288 GC heap before
{Heap before GC invocations=11 (full 2):
 PSYoungGen      total 120832K, used 10903K [0x00000000e0000000, 0x00000000eac80000, 0x0000000100000000)
  eden space 109056K, 0% used [0x00000000e0000000,0x00000000e0000000,0x00000000e6a80000)
  from space 11776K, 92% used [0x00000000e6a80000,0x00000000e7525d88,0x00000000e7600000)
  to   space 12800K, 0% used [0x00000000ea000000,0x00000000ea000000,0x00000000eac80000)
 ParOldGen       total 57344K, used 9680K [0x00000000a0000000, 0x00000000a3800000, 0x00000000e0000000)
  object space 57344K, 16% used [0x00000000a0000000,0x00000000a0974328,0x00000000a3800000)
 Metaspace       used 34606K, capacity 35368K, committed 35416K, reserved 1079296K
  class space    used 4857K, capacity 5089K, committed 5120K, reserved 1048576K
Event: 7.337 GC heap after
Heap after GC invocations=11 (full 2):
 PSYoungGen      total 120832K, used 0K [0x00000000e0000000, 0x00000000eac80000, 0x0000000100000000)
  eden space 109056K, 0% used [0x00000000e0000000,0x00000000e0000000,0x00000000e6a80000)
  from space 11776K, 0% used [0x00000000e6a80000,0x00000000e6a80000,0x00000000e7600000)
  to   space 12800K, 0% used [0x00000000ea000000,0x00000000ea000000,0x00000000eac80000)
 ParOldGen       total 84480K, used 17847K [0x00000000a0000000, 0x00000000a5280000, 0x00000000e0000000)
  object space 84480K, 21% used [0x00000000a0000000,0x00000000a116dea8,0x00000000a5280000)
 Metaspace       used 34603K, capacity 35356K, committed 35416K, reserved 1079296K
  class space    used 4856K, capacity 5087K, committed 5120K, reserved 1048576K
}

Deoptimization events (10 events):
Event: 7.873 Thread 0x0000000019e3f800 Uncommon trap: reason=unstable_if action=reinterpret pc=0x000000000326304c method=java.security.CodeSource.hashCode()I @ 4
Event: 7.888 Thread 0x0000000019e3f800 Uncommon trap: reason=unstable_if action=reinterpret pc=0x0000000002aa8fe4 method=jdk.internal.org.objectweb.asm.Type.getArgumentsAndReturnSizes(Ljava/lang/String;)I @ 47
Event: 8.586 Thread 0x0000000019e3f800 Uncommon trap: reason=unstable_if action=reinterpret pc=0x0000000002b0e5f0 method=java.util.jar.Manifest$FastInputStream.readLine([BII)I @ 87
Event: 8.586 Thread 0x0000000019e3f800 Uncommon trap: reason=unstable_if action=reinterpret pc=0x0000000002dd7d8c method=java.util.jar.Attributes$Name.isDigit(C)Z @ 3
Event: 8.601 Thread 0x0000000019e3f800 Uncommon trap: reason=unstable_if action=reinterpret pc=0x000000000345f428 method=java.lang.ThreadLocal.get()Ljava/lang/Object; @ 11
Event: 8.682 Thread 0x0000000019e3f800 Uncommon trap: reason=speculate_class_check action=maybe_recompile pc=0x00000000034ab57c method=java.util.HashMap.putVal(ILjava/lang/Object;Ljava/lang/Object;ZZ)Ljava/lang/Object; @ 56
Event: 8.682 Thread 0x0000000019e3f800 Uncommon trap: reason=speculate_class_check action=maybe_recompile pc=0x00000000034ab57c method=java.util.HashMap.putVal(ILjava/lang/Object;Ljava/lang/Object;ZZ)Ljava/lang/Object; @ 56
Event: 8.682 Thread 0x0000000019e3f800 Uncommon trap: reason=speculate_class_check action=maybe_recompile pc=0x00000000034ab57c method=java.util.HashMap.putVal(ILjava/lang/Object;Ljava/lang/Object;ZZ)Ljava/lang/Object; @ 56
Event: 8.682 Thread 0x0000000019e3f800 Uncommon trap: reason=speculate_class_check action=maybe_recompile pc=0x00000000034ab57c method=java.util.HashMap.putVal(ILjava/lang/Object;Ljava/lang/Object;ZZ)Ljava/lang/Object; @ 56
Event: 8.798 Thread 0x0000000019e3f800 Uncommon trap: reason=unstable_if action=reinterpret pc=0x0000000002d9c5fc method=java.lang.CharacterDataLatin1.isWhitespace(I)Z @ 14

Classes redefined (0 events):
No events

Internal exceptions (10 events):
Event: 7.417 Thread 0x0000000019e3f800 Exception <a 'java/lang/ClassNotFoundException': org/gradle/api/internal/ConventionTaskCustomizer> (0x00000000e05aa330) thrown at [C:\re\workspace\8-2-build-windows-amd64-cygwin\jdk8u181\11358\hotspot\src\share\vm\classfile\systemDictionary.cpp, line 210]
Event: 7.418 Thread 0x0000000019e3f800 Exception <a 'java/lang/ClassNotFoundException': org/gradle/api/tasks/DeleteCustomizer> (0x00000000e05ea1e0) thrown at [C:\re\workspace\8-2-build-windows-amd64-cygwin\jdk8u181\11358\hotspot\src\share\vm\classfile\systemDictionary.cpp, line 210]
Event: 7.420 Thread 0x0000000019e3f800 Exception <a 'java/lang/ClassNotFoundException': org/gradle/api/tasks/Delete_DecoratedCustomizer> (0x00000000e0637cc0) thrown at [C:\re\workspace\8-2-build-windows-amd64-cygwin\jdk8u181\11358\hotspot\src\share\vm\classfile\systemDictionary.cpp, line 210]
Event: 7.459 Thread 0x0000000019e3f800 Exception <a 'java/lang/ClassNotFoundException': build_99atwnbl4csdnq7ecfxudib21BeanInfo> (0x00000000e075a160) thrown at [C:\re\workspace\8-2-build-windows-amd64-cygwin\jdk8u181\11358\hotspot\src\share\vm\classfile\systemDictionary.cpp, line 210]
Event: 7.460 Thread 0x0000000019e3f800 Exception <a 'java/lang/ClassNotFoundException': build_99atwnbl4csdnq7ecfxudib21Customizer> (0x00000000e0766c20) thrown at [C:\re\workspace\8-2-build-windows-amd64-cygwin\jdk8u181\11358\hotspot\src\share\vm\classfile\systemDictionary.cpp, line 210]
Event: 7.464 Thread 0x0000000019e3f800 Exception <a 'java/lang/ClassNotFoundException': org/gradle/api/internal/plugins/DefaultObjectConfigurationActionBeanInfo> (0x00000000e07ffa98) thrown at [C:\re\workspace\8-2-build-windows-amd64-cygwin\jdk8u181\11358\hotspot\src\share\vm\classfile\systemD
Event: 7.464 Thread 0x0000000019e3f800 Exception <a 'java/lang/ClassNotFoundException': org/gradle/api/internal/plugins/DefaultObjectConfigurationActionCustomizer> (0x00000000e0844050) thrown at [C:\re\workspace\8-2-build-windows-amd64-cygwin\jdk8u181\11358\hotspot\src\share\vm\classfile\syste
Event: 7.873 Thread 0x0000000019e3f800 Implicit null exception at 0x000000000336a9da to 0x0000000003373e21
Event: 7.873 Thread 0x0000000019e3f800 Implicit null exception at 0x0000000003262d55 to 0x000000000326303d
Event: 8.601 Thread 0x0000000019e3f800 Implicit null exception at 0x000000000345eb48 to 0x000000000345f419

Events (10 events):
Event: 8.878 loading class java/security/interfaces/RSAPrivateKey
Event: 8.878 loading class java/security/PrivateKey
Event: 8.878 loading class java/security/PrivateKey done
Event: 8.878 loading class java/security/interfaces/RSAPrivateKey done
Event: 8.878 loading class sun/security/rsa/RSASignature$SHA1withRSA
Event: 8.878 loading class sun/security/rsa/RSASignature
Event: 8.901 loading class sun/security/rsa/RSASignature done
Event: 8.901 loading class sun/security/rsa/RSASignature$SHA1withRSA done
Event: 8.901 loading class sun/security/rsa/RSAPrivateKeyImpl
Event: 8.901 loading class sun/security/pkcs/PKCS8Key


Dynamic libraries:
0x00007ff65e740000 - 0x00007ff65e777000 	D:\Coding\jdk\bin\java.exe
0x00007ffe43ba0000 - 0x00007ffe43d90000 	C:\WINDOWS\SYSTEM32\ntdll.dll
0x00007ffe434e0000 - 0x00007ffe43592000 	C:\WINDOWS\System32\KERNEL32.DLL
0x00007ffe41850000 - 0x00007ffe41af3000 	C:\WINDOWS\System32\KERNELBASE.dll
0x00007ffe438f0000 - 0x00007ffe43993000 	C:\WINDOWS\System32\ADVAPI32.dll
0x00007ffe43850000 - 0x00007ffe438ee000 	C:\WINDOWS\System32\msvcrt.dll
0x00007ffe42290000 - 0x00007ffe42327000 	C:\WINDOWS\System32\sechost.dll
0x00007ffe42590000 - 0x00007ffe426b0000 	C:\WINDOWS\System32\RPCRT4.dll
0x00007ffe42eb0000 - 0x00007ffe43044000 	C:\WINDOWS\System32\USER32.dll
0x00007ffe41c20000 - 0x00007ffe41c41000 	C:\WINDOWS\System32\win32u.dll
0x00007ffe42e80000 - 0x00007ffe42ea6000 	C:\WINDOWS\System32\GDI32.dll
0x00007ffe40e80000 - 0x00007ffe41014000 	C:\WINDOWS\System32\gdi32full.dll
0x00007ffe40b30000 - 0x00007ffe40bce000 	C:\WINDOWS\System32\msvcp_win.dll
0x00007ffe41b00000 - 0x00007ffe41bfa000 	C:\WINDOWS\System32\ucrtbase.dll
0x00007ffe2f2e0000 - 0x00007ffe2f565000 	C:\WINDOWS\WinSxS\amd64_microsoft.windows.common-controls_6595b64144ccf1df_6.0.18362.720_none_e6beb5c51314836b\COMCTL32.dll
0x00007ffe43050000 - 0x00007ffe43386000 	C:\WINDOWS\System32\combase.dll
0x00007ffe41020000 - 0x00007ffe410a0000 	C:\WINDOWS\System32\bcryptPrimitives.dll
0x00007ffe42e50000 - 0x00007ffe42e7e000 	C:\WINDOWS\System32\IMM32.DLL
0x000000006b3c0000 - 0x000000006b492000 	D:\Coding\jdk\jre\bin\msvcr100.dll
0x000000006ab10000 - 0x000000006b3b2000 	D:\Coding\jdk\jre\bin\server\jvm.dll
0x00007ffe43400000 - 0x00007ffe43408000 	C:\WINDOWS\System32\PSAPI.DLL
0x00007ffe343e0000 - 0x00007ffe343e9000 	C:\WINDOWS\SYSTEM32\WSOCK32.dll
0x00007ffe37ab0000 - 0x00007ffe37aba000 	C:\WINDOWS\SYSTEM32\VERSION.dll
0x00007ffe3c5d0000 - 0x00007ffe3c5f4000 	C:\WINDOWS\SYSTEM32\WINMM.dll
0x00007ffe42400000 - 0x00007ffe4246f000 	C:\WINDOWS\System32\WS2_32.dll
0x00007ffe3c1b0000 - 0x00007ffe3c1dd000 	C:\WINDOWS\SYSTEM32\WINMMBASE.dll
0x00007ffe40c80000 - 0x00007ffe40cca000 	C:\WINDOWS\System32\cfgmgr32.dll
0x000000006ab00000 - 0x000000006ab0f000 	D:\Coding\jdk\jre\bin\verify.dll
0x000000006aad0000 - 0x000000006aaf9000 	D:\Coding\jdk\jre\bin\java.dll
0x000000006aab0000 - 0x000000006aac6000 	D:\Coding\jdk\jre\bin\zip.dll
0x00007ffe426b0000 - 0x00007ffe42d95000 	C:\WINDOWS\System32\SHELL32.dll
0x00007ffe42da0000 - 0x00007ffe42e49000 	C:\WINDOWS\System32\shcore.dll
0x00007ffe410a0000 - 0x00007ffe41820000 	C:\WINDOWS\System32\windows.storage.dll
0x00007ffe40a90000 - 0x00007ffe40ab3000 	C:\WINDOWS\System32\profapi.dll
0x00007ffe40ae0000 - 0x00007ffe40b2a000 	C:\WINDOWS\System32\powrprof.dll
0x00007ffe40a60000 - 0x00007ffe40a70000 	C:\WINDOWS\System32\UMPDC.dll
0x00007ffe43390000 - 0x00007ffe433e2000 	C:\WINDOWS\System32\shlwapi.dll
0x00007ffe40ac0000 - 0x00007ffe40ad1000 	C:\WINDOWS\System32\kernel.appcore.dll
0x00007ffe41c00000 - 0x00007ffe41c17000 	C:\WINDOWS\System32\cryptsp.dll
0x000000006aa90000 - 0x000000006aaaa000 	D:\Coding\jdk\jre\bin\net.dll
0x00007ffe402d0000 - 0x00007ffe40337000 	C:\WINDOWS\system32\mswsock.dll
0x000000006aa70000 - 0x000000006aa81000 	D:\Coding\jdk\jre\bin\nio.dll
0x00007ffe14e20000 - 0x00007ffe14e46000 	C:\Users\Administrator\.gradle\native\30\windows-amd64\native-platform.dll
0x000000006aa60000 - 0x000000006aa6d000 	D:\Coding\jdk\jre\bin\management.dll
0x00007ffe3fe40000 - 0x00007ffe3fe73000 	C:\WINDOWS\system32\rsaenh.dll
0x00007ffe41820000 - 0x00007ffe41846000 	C:\WINDOWS\System32\bcrypt.dll
0x00007ffe40980000 - 0x00007ffe409a5000 	C:\WINDOWS\SYSTEM32\USERENV.dll
0x00007ffe404a0000 - 0x00007ffe404ac000 	C:\WINDOWS\SYSTEM32\CRYPTBASE.dll
0x00007ffe3ffe0000 - 0x00007ffe4001a000 	C:\WINDOWS\SYSTEM32\IPHLPAPI.DLL
0x00007ffe41e10000 - 0x00007ffe41e18000 	C:\WINDOWS\System32\NSI.dll
0x00007ffe39b10000 - 0x00007ffe39b26000 	C:\WINDOWS\SYSTEM32\dhcpcsvc6.DLL
0x00007ffe397a0000 - 0x00007ffe397bc000 	C:\WINDOWS\SYSTEM32\dhcpcsvc.DLL
0x00007ffe40020000 - 0x00007ffe400ea000 	C:\WINDOWS\SYSTEM32\DNSAPI.dll

VM Arguments:
jvm_args: -Xmx1536m -Dfile.encoding=GBK -Duser.country=CN -Duser.language=zh -Duser.variant 
java_command: org.gradle.launcher.daemon.bootstrap.GradleDaemon 5.6.4
java_class_path (initial): C:\Users\Administrator\.gradle\wrapper\dists\gradle-5.6.4-all\ankdp27end7byghfw1q2sw75f\gradle-5.6.4\lib\gradle-launcher-5.6.4.jar
Launcher Type: SUN_STANDARD

Environment Variables:
JAVA_HOME=D:\Coding\jdk
CLASSPATH=.;D:\Coding\jdk\lib;D:\Coding\jdk\lib\dt.jar;D:\Coding\jdk\lib\tools.jar
PATH=D:\Coding\Anaconda3;D:\Coding\Anaconda3\Library\mingw-w64\bin;D:\Coding\Anaconda3\Library\usr\bin;D:\Coding\Anaconda3\Library\bin;D:\Coding\Anaconda3\Scripts;C:\Program Files\NVIDIA GPU Computing Toolkit\CUDA\v10.0\bin;C:\Program Files\NVIDIA GPU Computing Toolkit\CUDA\v10.0\libnvvp;D:\MEGA5;D:\Coding\Python36\Scripts\;D:\Coding\Python36\;C:\Program Files (x86)\Common Files\Oracle\Java\javapath;C:\Windows\system32;C:\Windows;C:\Windows\System32\Wbem;C:\Windows\System32\WindowsPowerShell\v1.0\;C:\Windows\System32\OpenSSH\;C:\Program Files (x86)\NVIDIA Corporation\PhysX\Common;C:\Program Files\NVIDIA Corporation\NVIDIA NvDLISR;D:\Coding\jdk\bin;D:\Coding\jdk\jre\bin;C:\Users\Administrator\.dnx\bin;C:\Program Files\Microsoft DNX\Dnvm\;C:\Program Files (x86)\Windows Kits\8.1\Windows Performance Toolkit\;C:\Program Files\Microsoft SQL Server\130\Tools\Binn\;D:\Coding\Git\cmd;C:\WINDOWS\system32;C:\WINDOWS;C:\WINDOWS\System32\Wbem;C:\WINDOWS\System32\WindowsPowerShell\v1.0\;C:\WINDOWS\System32\OpenSSH\;C:\Users\Administrator\AppData\Local\Microsoft\WindowsApps;;D:\Coding\Pycharm\PyCharmCommunityEdition201931\bin;;C:\Users\Administrator\AppData\Local\Programs\Microsoft VS Code\bin
USERNAME=Administrator
OS=Windows_NT
PROCESSOR_IDENTIFIER=Intel64 Family 6 Model 158 Stepping 9, GenuineIntel



---------------  S Y S T E M  ---------------

OS: Windows 10.0 , 64 bit Build 18362 (10.0.18362.329)

CPU:total 4 (initial active 4) (4 cores per cpu, 1 threads per core) family 6 model 158 stepping 9, cmov, cx8, fxsr, mmx, sse, sse2, sse3, ssse3, sse4.1, sse4.2, popcnt, avx, avx2, aes, clmul, erms, 3dnowpref, lzcnt, tsc, tscinvbit, bmi1, bmi2, adx

Memory: 4k page, physical 8253672k(386012k free), swap 16642280k(47336k free)

vm_info: Java HotSpot(TM) 64-Bit Server VM (25.181-b13) for windows-amd64 JRE (1.8.0_181-b13), built on Jul  7 2018 04:01:33 by "java_re" with MS VC++ 10.0 (VS2010)

time: Thu Apr 23 19:27:37 2020
elapsed time: 9 seconds (0d 0h 0m 9s)

